0 info it worked if it ends with ok
1 verbose cli [ '/usr/local/bin/node', '/usr/local/bin/npm', 'start' ]
2 info using npm@3.10.10
3 info using node@v6.11.0
4 verbose run-script [ 'prestart', 'start', 'poststart' ]
5 info lifecycle mmi@0.0.1~prestart: mmi@0.0.1
6 silly lifecycle mmi@0.0.1~prestart: no script for prestart, continuing
7 info lifecycle mmi@0.0.1~start: mmi@0.0.1
8 verbose lifecycle mmi@0.0.1~start: unsafe-perm in lifecycle true
9 verbose lifecycle mmi@0.0.1~start: PATH: /usr/local/lib/node_modules/npm/bin/node-gyp-bin:/home/diane/Dway/mmi/front/node_modules/.bin:/home/diane/.cargo/bin:/home/diane/.config/composer/vendor/bin:/home/diane/Spottt/devops/scripts:/home/diane/bin:/home/diane/.local/bin:/usr/local/sbin:/usr/local/bin:/usr/sbin:/usr/bin:/sbin:/bin:/usr/games:/usr/local/games:/snap/bin
10 verbose lifecycle mmi@0.0.1~start: CWD: /home/diane/Dway/mmi/front
11 silly lifecycle mmi@0.0.1~start: Args: [ '-c', 'yarn dev' ]
12 silly lifecycle mmi@0.0.1~start: Returned: code: 1  signal: null
13 info lifecycle mmi@0.0.1~start: Failed to exec start script
14 verbose stack Error: mmi@0.0.1 start: `yarn dev`
14 verbose stack Exit status 1
14 verbose stack     at EventEmitter.<anonymous> (/usr/local/lib/node_modules/npm/lib/utils/lifecycle.js:255:16)
14 verbose stack     at emitTwo (events.js:106:13)
14 verbose stack     at EventEmitter.emit (events.js:191:7)
14 verbose stack     at ChildProcess.<anonymous> (/usr/local/lib/node_modules/npm/lib/utils/spawn.js:40:14)
14 verbose stack     at emitTwo (events.js:106:13)
14 verbose stack     at ChildProcess.emit (events.js:191:7)
14 verbose stack     at maybeClose (internal/child_process.js:891:16)
14 verbose stack     at Process.ChildProcess._handle.onexit (internal/child_process.js:226:5)
15 verbose pkgid mmi@0.0.1
16 verbose cwd /home/diane/Dway/mmi/front
17 error Linux 4.10.0-40-generic
18 error argv "/usr/local/bin/node" "/usr/local/bin/npm" "start"
19 error node v6.11.0
20 error npm  v3.10.10
21 error code ELIFECYCLE
22 error mmi@0.0.1 start: `yarn dev`
22 error Exit status 1
23 error Failed at the mmi@0.0.1 start script 'yarn dev'.
23 error Make sure you have the latest version of node.js and npm installed.
23 error If you do, this is most likely a problem with the mmi package,
23 error not with npm itself.
23 error Tell the author that this fails on your system:
23 error     yarn dev
23 error You can get information on how to open an issue for this project with:
23 error     npm bugs mmi
23 error Or if that isn't available, you can get their info via:
23 error     npm owner ls mmi
23 error There is likely additional logging output above.
24 verbose exit [ 1, true ]
